{"C:\\Users\\51371\\Documents\\GitHub\\Test-react-app-with-jest-and-enzyme\\src\\layouts\\index.tsx": {"path":"C:\\Users\\51371\\Documents\\GitHub\\Test-react-app-with-jest-and-enzyme\\src\\layouts\\index.tsx","statementMap":{"0":{"start":{"line":4,"column":30},"end":{"line":11,"column":1}},"1":{"start":{"line":5,"column":2},"end":{"line":10,"column":4}}},"fnMap":{"0":{"name":"(anonymous_0)","decl":{"start":{"line":4,"column":30},"end":{"line":4,"column":31}},"loc":{"start":{"line":4,"column":39},"end":{"line":11,"column":1}},"line":4}},"branchMap":{},"s":{"0":1,"1":1},"f":{"0":1},"b":{},"_coverageSchema":"43e27e138ebf9cfc5966b082cf9a028302ed4184","hash":"80fd8d5444d793273a4ab0ddac06e9e3b7c9d285"}
,"C:\\Users\\51371\\Documents\\GitHub\\Test-react-app-with-jest-and-enzyme\\src\\pages\\index.tsx": {"path":"C:\\Users\\51371\\Documents\\GitHub\\Test-react-app-with-jest-and-enzyme\\src\\pages\\index.tsx","statementMap":{"0":{"start":{"line":5,"column":32},"end":{"line":5,"column":58}},"1":{"start":{"line":6,"column":22},"end":{"line":6,"column":68}},"2":{"start":{"line":6,"column":28},"end":{"line":6,"column":68}},"3":{"start":{"line":7,"column":2},"end":{"line":20,"column":4}}},"fnMap":{"0":{"name":"(anonymous_0)","decl":{"start":{"line":4,"column":15},"end":{"line":4,"column":16}},"loc":{"start":{"line":4,"column":26},"end":{"line":21,"column":1}},"line":4},"1":{"name":"(anonymous_1)","decl":{"start":{"line":6,"column":22},"end":{"line":6,"column":23}},"loc":{"start":{"line":6,"column":28},"end":{"line":6,"column":68}},"line":6}},"branchMap":{},"s":{"0":5,"1":5,"2":1,"3":5},"f":{"0":5,"1":1},"b":{},"_coverageSchema":"43e27e138ebf9cfc5966b082cf9a028302ed4184","hash":"254d8332049468eae8ea7ee0c3150a9e6027fc3a"}
,"C:\\Users\\51371\\Documents\\GitHub\\Test-react-app-with-jest-and-enzyme\\src\\pages\\todoDemo\\index.tsx": {"path":"C:\\Users\\51371\\Documents\\GitHub\\Test-react-app-with-jest-and-enzyme\\src\\pages\\todoDemo\\index.tsx","statementMap":{"0":{"start":{"line":18,"column":4},"end":{"line":18,"column":17}},"1":{"start":{"line":19,"column":4},"end":{"line":19,"column":31}},"2":{"start":{"line":22,"column":18},"end":{"line":24,"column":3}},"3":{"start":{"line":23,"column":4},"end":{"line":23,"column":49}},"4":{"start":{"line":26,"column":16},"end":{"line":32,"column":3}},"5":{"start":{"line":26,"column":35},"end":{"line":32,"column":3}},"6":{"start":{"line":27,"column":27},"end":{"line":27,"column":37}},"7":{"start":{"line":28,"column":4},"end":{"line":30,"column":5}},"8":{"start":{"line":29,"column":6},"end":{"line":29,"column":13}},"9":{"start":{"line":31,"column":4},"end":{"line":31,"column":22}},"10":{"start":{"line":34,"column":17},"end":{"line":42,"column":3}},"11":{"start":{"line":35,"column":24},"end":{"line":35,"column":34}},"12":{"start":{"line":36,"column":22},"end":{"line":36,"column":32}},"13":{"start":{"line":37,"column":4},"end":{"line":39,"column":5}},"14":{"start":{"line":38,"column":6},"end":{"line":38,"column":13}},"15":{"start":{"line":40,"column":4},"end":{"line":40,"column":19}},"16":{"start":{"line":41,"column":4},"end":{"line":41,"column":33}},"17":{"start":{"line":45,"column":22},"end":{"line":45,"column":32}},"18":{"start":{"line":46,"column":22},"end":{"line":46,"column":32}},"19":{"start":{"line":47,"column":4},"end":{"line":66,"column":6}},"20":{"start":{"line":54,"column":14},"end":{"line":58,"column":16}},"21":{"start":{"line":76,"column":24},"end":{"line":81,"column":1}},"22":{"start":{"line":77,"column":23},"end":{"line":77,"column":28}},"23":{"start":{"line":78,"column":2},"end":{"line":80,"column":4}},"24":{"start":{"line":83,"column":17},"end":{"line":83,"column":32}},"25":{"start":{"line":84,"column":20},"end":{"line":84,"column":38}},"26":{"start":{"line":86,"column":27},"end":{"line":91,"column":1}},"27":{"start":{"line":87,"column":2},"end":{"line":90,"column":4}},"28":{"start":{"line":88,"column":31},"end":{"line":88,"column":78}},"29":{"start":{"line":89,"column":35},"end":{"line":89,"column":86}}},"fnMap":{"0":{"name":"(anonymous_0)","decl":{"start":{"line":17,"column":2},"end":{"line":17,"column":3}},"loc":{"start":{"line":17,"column":32},"end":{"line":20,"column":3}},"line":17},"1":{"name":"(anonymous_1)","decl":{"start":{"line":22,"column":18},"end":{"line":22,"column":19}},"loc":{"start":{"line":22,"column":66},"end":{"line":24,"column":3}},"line":22},"2":{"name":"(anonymous_2)","decl":{"start":{"line":26,"column":16},"end":{"line":26,"column":17}},"loc":{"start":{"line":26,"column":35},"end":{"line":32,"column":3}},"line":26},"3":{"name":"(anonymous_3)","decl":{"start":{"line":26,"column":35},"end":{"line":26,"column":36}},"loc":{"start":{"line":26,"column":41},"end":{"line":32,"column":3}},"line":26},"4":{"name":"(anonymous_4)","decl":{"start":{"line":34,"column":17},"end":{"line":34,"column":18}},"loc":{"start":{"line":34,"column":23},"end":{"line":42,"column":3}},"line":34},"5":{"name":"(anonymous_5)","decl":{"start":{"line":44,"column":2},"end":{"line":44,"column":3}},"loc":{"start":{"line":44,"column":11},"end":{"line":67,"column":3}},"line":44},"6":{"name":"(anonymous_6)","decl":{"start":{"line":53,"column":23},"end":{"line":53,"column":24}},"loc":{"start":{"line":53,"column":44},"end":{"line":59,"column":13}},"line":53},"7":{"name":"(anonymous_7)","decl":{"start":{"line":76,"column":24},"end":{"line":76,"column":25}},"loc":{"start":{"line":76,"column":51},"end":{"line":81,"column":1}},"line":76},"8":{"name":"(anonymous_8)","decl":{"start":{"line":86,"column":27},"end":{"line":86,"column":28}},"loc":{"start":{"line":86,"column":62},"end":{"line":91,"column":1}},"line":86},"9":{"name":"(anonymous_9)","decl":{"start":{"line":88,"column":13},"end":{"line":88,"column":14}},"loc":{"start":{"line":88,"column":31},"end":{"line":88,"column":78}},"line":88},"10":{"name":"(anonymous_10)","decl":{"start":{"line":89,"column":16},"end":{"line":89,"column":17}},"loc":{"start":{"line":89,"column":35},"end":{"line":89,"column":86}},"line":89}},"branchMap":{"0":{"loc":{"start":{"line":28,"column":4},"end":{"line":30,"column":5}},"type":"if","locations":[{"start":{"line":28,"column":4},"end":{"line":30,"column":5}},{"start":{"line":28,"column":4},"end":{"line":30,"column":5}}],"line":28},"1":{"loc":{"start":{"line":37,"column":4},"end":{"line":39,"column":5}},"type":"if","locations":[{"start":{"line":37,"column":4},"end":{"line":39,"column":5}},{"start":{"line":37,"column":4},"end":{"line":39,"column":5}}],"line":37}},"s":{"0":4,"1":4,"2":4,"3":2,"4":4,"5":2,"6":1,"7":1,"8":0,"9":1,"10":4,"11":1,"12":1,"13":1,"14":0,"15":1,"16":1,"17":7,"18":7,"19":7,"20":2,"21":1,"22":0,"23":0,"24":1,"25":1,"26":1,"27":0,"28":0,"29":0},"f":{"0":4,"1":2,"2":2,"3":1,"4":1,"5":7,"6":2,"7":0,"8":0,"9":0,"10":0},"b":{"0":[0,1],"1":[0,1]},"_coverageSchema":"43e27e138ebf9cfc5966b082cf9a028302ed4184","hash":"2fdb6549b7fc2d67b7892ccac885059844fd919b"}
}
