TN:
SF:C:\Users\51371\Documents\GitHub\Test-react-app-with-jest-and-enzyme\src\layouts\index.tsx
FN:4,(anonymous_0)
FNF:1
FNH:1
FNDA:1,(anonymous_0)
DA:4,1
DA:5,1
LF:2
LH:2
BRF:0
BRH:0
end_of_record
TN:
SF:C:\Users\51371\Documents\GitHub\Test-react-app-with-jest-and-enzyme\src\pages\index.tsx
FN:4,(anonymous_0)
FN:6,(anonymous_1)
FNF:2
FNH:2
FNDA:5,(anonymous_0)
FNDA:1,(anonymous_1)
DA:5,5
DA:6,5
DA:7,5
LF:3
LH:3
BRF:0
BRH:0
end_of_record
TN:
SF:C:\Users\51371\Documents\GitHub\Test-react-app-with-jest-and-enzyme\src\pages\todoDemo\index.tsx
FN:17,(anonymous_0)
FN:22,(anonymous_1)
FN:26,(anonymous_2)
FN:26,(anonymous_3)
FN:34,(anonymous_4)
FN:44,(anonymous_5)
FN:53,(anonymous_6)
FN:76,(anonymous_7)
FN:86,(anonymous_8)
FN:88,(anonymous_9)
FN:89,(anonymous_10)
FNF:11
FNH:7
FNDA:4,(anonymous_0)
FNDA:2,(anonymous_1)
FNDA:2,(anonymous_2)
FNDA:1,(anonymous_3)
FNDA:1,(anonymous_4)
FNDA:7,(anonymous_5)
FNDA:2,(anonymous_6)
FNDA:0,(anonymous_7)
FNDA:0,(anonymous_8)
FNDA:0,(anonymous_9)
FNDA:0,(anonymous_10)
DA:18,4
DA:19,4
DA:22,4
DA:23,2
DA:26,4
DA:27,1
DA:28,1
DA:29,0
DA:31,1
DA:34,4
DA:35,1
DA:36,1
DA:37,1
DA:38,0
DA:40,1
DA:41,1
DA:45,7
DA:46,7
DA:47,7
DA:54,2
DA:76,1
DA:77,0
DA:78,0
DA:83,1
DA:84,1
DA:86,1
DA:87,0
DA:88,0
DA:89,0
LF:29
LH:22
BRDA:28,0,0,0
BRDA:28,0,1,1
BRDA:37,1,0,0
BRDA:37,1,1,1
BRF:4
BRH:2
end_of_record
